# JRE version: OpenJDK Runtime Environment Temurin-17.0.3+7 (17.0.3+7) (build 17.0.3+7)
# Java VM: OpenJDK 64-Bit Server VM Temurin-17.0.3+7 (17.0.3+7, mixed mode, tiered, compressed oops, compressed class ptrs, parallel gc, windows-amd64)
GC Precious Log:
 CPUs: 8 total, 8 available
 Memory: 7873M
 Large Page Support: Disabled
 NUMA Support: Disabled
 Compressed Oops: Enabled (32-bit)
 Alignments: Space 512K, Generation 512K, Heap 2M
 Heap Min Capacity: 100M
 Heap Initial Capacity: 100M
 Heap Max Capacity: 1G
 Pre-touch: Disabled
 Parallel Workers: 8
Heap:
 PSYoungGen      total 49664K, used 16568K [0x00000000eab00000, 0x00000000eeb80000, 0x0000000100000000)
  eden space 35328K, 6% used [0x00000000eab00000,0x00000000ead33f78,0x00000000ecd80000)
  from space 14336K, 99% used [0x00000000ecf80000,0x00000000edd7a138,0x00000000edd80000)
  to   space 12288K, 0% used [0x00000000edf80000,0x00000000edf80000,0x00000000eeb80000)
 ParOldGen       total 271872K, used 244201K [0x00000000c0000000, 0x00000000d0980000, 0x00000000eab00000)
  object space 271872K, 89% used [0x00000000c0000000,0x00000000cee7a4e0,0x00000000d0980000)
 Metaspace       used 54391K, committed 55232K, reserved 1097728K
  class space    used 5974K, committed 6400K, reserved 1048576K
GC Heap History (20 events):
Event: 17.844 GC heap before
{Heap before GC invocations=114 (full 7):
 PSYoungGen      total 24576K, used 24557K [0x00000000eab00000, 0x00000000ed380000, 0x0000000100000000)
  eden space 19968K, 100% used [0x00000000eab00000,0x00000000ebe80000,0x00000000ebe80000)
  from space 4608K, 99% used [0x00000000ebe80000,0x00000000ec2fb538,0x00000000ec300000)
  to   space 9728K, 0% used [0x00000000eca00000,0x00000000eca00000,0x00000000ed380000)
 ParOldGen       total 217600K, used 198656K [0x00000000c0000000, 0x00000000cd480000, 0x00000000eab00000)
  object space 217600K, 91% used [0x00000000c0000000,0x00000000cc200148,0x00000000cd480000)
 Metaspace       used 54337K, committed 55232K, reserved 1097728K
  class space    used 5973K, committed 6400K, reserved 1048576K
}
Event: 17.853 GC heap after
{Heap after GC invocations=114 (full 7):
 PSYoungGen      total 27136K, used 4680K [0x00000000eab00000, 0x00000000ecf00000, 0x0000000100000000)
  eden space 22016K, 0% used [0x00000000eab00000,0x00000000eab00000,0x00000000ec080000)
  from space 5120K, 91% used [0x00000000eca00000,0x00000000ece92398,0x00000000ecf00000)
  to   space 6144K, 0% used [0x00000000ec300000,0x00000000ec300000,0x00000000ec900000)
 ParOldGen       total 217600K, used 203134K [0x00000000c0000000, 0x00000000cd480000, 0x00000000eab00000)
  object space 217600K, 93% used [0x00000000c0000000,0x00000000cc65f8f0,0x00000000cd480000)
 Metaspace       used 54337K, committed 55232K, reserved 1097728K
  class space    used 5973K, committed 6400K, reserved 1048576K
}
Event: 17.988 GC heap before
{Heap before GC invocations=115 (full 7):
 PSYoungGen      total 27136K, used 26696K [0x00000000eab00000, 0x00000000ecf00000, 0x0000000100000000)
  eden space 22016K, 100% used [0x00000000eab00000,0x00000000ec080000,0x00000000ec080000)
  from space 5120K, 91% used [0x00000000eca00000,0x00000000ece92398,0x00000000ecf00000)
  to   space 6144K, 0% used [0x00000000ec300000,0x00000000ec300000,0x00000000ec900000)
 ParOldGen       total 217600K, used 203134K [0x00000000c0000000, 0x00000000cd480000, 0x00000000eab00000)
  object space 217600K, 93% used [0x00000000c0000000,0x00000000cc65f8f0,0x00000000cd480000)
 Metaspace       used 54338K, committed 55232K, reserved 1097728K
  class space    used 5973K, committed 6400K, reserved 1048576K
}
Event: 17.997 GC heap after
{Heap after GC invocations=115 (full 7):
 PSYoungGen      total 30208K, used 6122K [0x00000000eab00000, 0x00000000ed780000, 0x0000000100000000)
  eden space 24064K, 0% used [0x00000000eab00000,0x00000000eab00000,0x00000000ec280000)
  from space 6144K, 99% used [0x00000000ec300000,0x00000000ec8fab10,0x00000000ec900000)
  to   space 10752K, 0% used [0x00000000ecd00000,0x00000000ecd00000,0x00000000ed780000)
 ParOldGen       total 217600K, used 206782K [0x00000000c0000000, 0x00000000cd480000, 0x00000000eab00000)
  object space 217600K, 95% used [0x00000000c0000000,0x00000000cc9efbd8,0x00000000cd480000)
 Metaspace       used 54338K, committed 55232K, reserved 1097728K
  class space    used 5973K, committed 6400K, reserved 1048576K
}
Event: 18.101 GC heap before
{Heap before GC invocations=116 (full 7):
 PSYoungGen      total 30208K, used 30186K [0x00000000eab00000, 0x00000000ed780000, 0x0000000100000000)
  eden space 24064K, 100% used [0x00000000eab00000,0x00000000ec280000,0x00000000ec280000)
  from space 6144K, 99% used [0x00000000ec300000,0x00000000ec8fab10,0x00000000ec900000)
  to   space 10752K, 0% used [0x00000000ecd00000,0x00000000ecd00000,0x00000000ed780000)
 ParOldGen       total 217600K, used 206782K [0x00000000c0000000, 0x00000000cd480000, 0x00000000eab00000)
  object space 217600K, 95% used [0x00000000c0000000,0x00000000cc9efbd8,0x00000000cd480000)
 Metaspace       used 54338K, committed 55232K, reserved 1097728K
  class space    used 5973K, committed 6400K, reserved 1048576K
}
Event: 18.109 GC heap after
{Heap after GC invocations=116 (full 7):
 PSYoungGen      total 32768K, used 5615K [0x00000000eab00000, 0x00000000ed300000, 0x0000000100000000)
  eden space 26624K, 0% used [0x00000000eab00000,0x00000000eab00000,0x00000000ec500000)
  from space 6144K, 91% used [0x00000000ecd00000,0x00000000ed27bfb0,0x00000000ed300000)
  to   space 7168K, 0% used [0x00000000ec500000,0x00000000ec500000,0x00000000ecc00000)
 ParOldGen       total 217600K, used 212879K [0x00000000c0000000, 0x00000000cd480000, 0x00000000eab00000)
  object space 217600K, 97% used [0x00000000c0000000,0x00000000ccfe3cb0,0x00000000cd480000)
 Metaspace       used 54338K, committed 55232K, reserved 1097728K
  class space    used 5973K, committed 6400K, reserved 1048576K
}
Event: 18.109 GC heap before
{Heap before GC invocations=117 (full 8):
 PSYoungGen      total 32768K, used 5615K [0x00000000eab00000, 0x00000000ed300000, 0x0000000100000000)
  eden space 26624K, 0% used [0x00000000eab00000,0x00000000eab00000,0x00000000ec500000)
  from space 6144K, 91% used [0x00000000ecd00000,0x00000000ed27bfb0,0x00000000ed300000)
  to   space 7168K, 0% used [0x00000000ec500000,0x00000000ec500000,0x00000000ecc00000)
 ParOldGen       total 217600K, used 212879K [0x00000000c0000000, 0x00000000cd480000, 0x00000000eab00000)
  object space 217600K, 97% used [0x00000000c0000000,0x00000000ccfe3cb0,0x00000000cd480000)
 Metaspace       used 54338K, committed 55232K, reserved 1097728K
  class space    used 5973K, committed 6400K, reserved 1048576K
}
Event: 18.265 GC heap after
{Heap after GC invocations=117 (full 8):
 PSYoungGen      total 33792K, used 0K [0x00000000eab00000, 0x00000000ed580000, 0x0000000100000000)
  eden space 26624K, 0% used [0x00000000eab00000,0x00000000eab00000,0x00000000ec500000)
  from space 7168K, 0% used [0x00000000ec500000,0x00000000ec500000,0x00000000ecc00000)
  to   space 7168K, 0% used [0x00000000ece80000,0x00000000ece80000,0x00000000ed580000)
 ParOldGen       total 271872K, used 216255K [0x00000000c0000000, 0x00000000d0980000, 0x00000000eab00000)
  object space 271872K, 79% used [0x00000000c0000000,0x00000000cd32ff78,0x00000000d0980000)
 Metaspace       used 54338K, committed 55232K, reserved 1097728K
  class space    used 5973K, committed 6400K, reserved 1048576K
}
Event: 18.426 GC heap before
{Heap before GC invocations=118 (full 8):
 PSYoungGen      total 33792K, used 26624K [0x00000000eab00000, 0x00000000ed580000, 0x0000000100000000)
  eden space 26624K, 100% used [0x00000000eab00000,0x00000000ec500000,0x00000000ec500000)
  from space 7168K, 0% used [0x00000000ec500000,0x00000000ec500000,0x00000000ecc00000)
  to   space 7168K, 0% used [0x00000000ece80000,0x00000000ece80000,0x00000000ed580000)
 ParOldGen       total 271872K, used 216255K [0x00000000c0000000, 0x00000000d0980000, 0x00000000eab00000)
  object space 271872K, 79% used [0x00000000c0000000,0x00000000cd32ff78,0x00000000d0980000)
 Metaspace       used 54338K, committed 55232K, reserved 1097728K
  class space    used 5973K, committed 6400K, reserved 1048576K
}
Event: 18.432 GC heap after
{Heap after GC invocations=118 (full 8):
 PSYoungGen      total 35328K, used 6388K [0x00000000eab00000, 0x00000000ed500000, 0x0000000100000000)
  eden space 28672K, 0% used [0x00000000eab00000,0x00000000eab00000,0x00000000ec700000)
  from space 6656K, 95% used [0x00000000ece80000,0x00000000ed4bd080,0x00000000ed500000)
  to   space 6656K, 0% used [0x00000000ec800000,0x00000000ec800000,0x00000000ece80000)
 ParOldGen       total 271872K, used 216255K [0x00000000c0000000, 0x00000000d0980000, 0x00000000eab00000)
  object space 271872K, 79% used [0x00000000c0000000,0x00000000cd32ff78,0x00000000d0980000)
 Metaspace       used 54338K, committed 55232K, reserved 1097728K
  class space    used 5973K, committed 6400K, reserved 1048576K
}
Event: 18.560 GC heap before
{Heap before GC invocations=119 (full 8):
 PSYoungGen      total 35328K, used 35060K [0x00000000eab00000, 0x00000000ed500000, 0x0000000100000000)
  eden space 28672K, 100% used [0x00000000eab00000,0x00000000ec700000,0x00000000ec700000)
  from space 6656K, 95% used [0x00000000ece80000,0x00000000ed4bd080,0x00000000ed500000)
  to   space 6656K, 0% used [0x00000000ec800000,0x00000000ec800000,0x00000000ece80000)
 ParOldGen       total 271872K, used 216255K [0x00000000c0000000, 0x00000000d0980000, 0x00000000eab00000)
  object space 271872K, 79% used [0x00000000c0000000,0x00000000cd32ff78,0x00000000d0980000)
 Metaspace       used 54342K, committed 55232K, reserved 1097728K
  class space    used 5973K, committed 6400K, reserved 1048576K
}
Event: 18.572 GC heap after
{Heap after GC invocations=119 (full 8):
 PSYoungGen      total 36352K, used 6625K [0x00000000eab00000, 0x00000000ee580000, 0x0000000100000000)
  eden space 29696K, 0% used [0x00000000eab00000,0x00000000eab00000,0x00000000ec800000)
  from space 6656K, 99% used [0x00000000ec800000,0x00000000ece786b0,0x00000000ece80000)
  to   space 14336K, 0% used [0x00000000ed780000,0x00000000ed780000,0x00000000ee580000)
 ParOldGen       total 271872K, used 222759K [0x00000000c0000000, 0x00000000d0980000, 0x00000000eab00000)
  object space 271872K, 81% used [0x00000000c0000000,0x00000000cd989d78,0x00000000d0980000)
 Metaspace       used 54342K, committed 55232K, reserved 1097728K
  class space    used 5973K, committed 6400K, reserved 1048576K
}
Event: 18.690 GC heap before
{Heap before GC invocations=120 (full 8):
 PSYoungGen      total 36352K, used 36321K [0x00000000eab00000, 0x00000000ee580000, 0x0000000100000000)
  eden space 29696K, 100% used [0x00000000eab00000,0x00000000ec800000,0x00000000ec800000)
  from space 6656K, 99% used [0x00000000ec800000,0x00000000ece786b0,0x00000000ece80000)
  to   space 14336K, 0% used [0x00000000ed780000,0x00000000ed780000,0x00000000ee580000)
 ParOldGen       total 271872K, used 222759K [0x00000000c0000000, 0x00000000d0980000, 0x00000000eab00000)
  object space 271872K, 81% used [0x00000000c0000000,0x00000000cd989d78,0x00000000d0980000)
 Metaspace       used 54342K, committed 55232K, reserved 1097728K
  class space    used 5973K, committed 6400K, reserved 1048576K
}
Event: 18.702 GC heap after
{Heap after GC invocations=120 (full 8):
 PSYoungGen      total 43008K, used 10299K [0x00000000eab00000, 0x00000000ee200000, 0x0000000100000000)
  eden space 32256K, 0% used [0x00000000eab00000,0x00000000eab00000,0x00000000eca80000)
  from space 10752K, 95% used [0x00000000ed780000,0x00000000ee18efd0,0x00000000ee200000)
  to   space 11776K, 0% used [0x00000000ecb00000,0x00000000ecb00000,0x00000000ed680000)
 ParOldGen       total 271872K, used 225859K [0x00000000c0000000, 0x00000000d0980000, 0x00000000eab00000)
  object space 271872K, 83% used [0x00000000c0000000,0x00000000cdc90fb8,0x00000000d0980000)
 Metaspace       used 54342K, committed 55232K, reserved 1097728K
  class space    used 5973K, committed 6400K, reserved 1048576K
}
Event: 18.838 GC heap before
{Heap before GC invocations=121 (full 8):
 PSYoungGen      total 43008K, used 42555K [0x00000000eab00000, 0x00000000ee200000, 0x0000000100000000)
  eden space 32256K, 100% used [0x00000000eab00000,0x00000000eca80000,0x00000000eca80000)
  from space 10752K, 95% used [0x00000000ed780000,0x00000000ee18efd0,0x00000000ee200000)
  to   space 11776K, 0% used [0x00000000ecb00000,0x00000000ecb00000,0x00000000ed680000)
 ParOldGen       total 271872K, used 225859K [0x00000000c0000000, 0x00000000d0980000, 0x00000000eab00000)
  object space 271872K, 83% used [0x00000000c0000000,0x00000000cdc90fb8,0x00000000d0980000)
 Metaspace       used 54343K, committed 55232K, reserved 1097728K
  class space    used 5973K, committed 6400K, reserved 1048576K
}
Event: 18.849 GC heap after
{Heap after GC invocations=121 (full 8):
 PSYoungGen      total 44544K, used 11756K [0x00000000eab00000, 0x00000000ef200000, 0x0000000100000000)
  eden space 32768K, 0% used [0x00000000eab00000,0x00000000eab00000,0x00000000ecb00000)
  from space 11776K, 99% used [0x00000000ecb00000,0x00000000ed67b0c0,0x00000000ed680000)
  to   space 18944K, 0% used [0x00000000edf80000,0x00000000edf80000,0x00000000ef200000)
 ParOldGen       total 271872K, used 231631K [0x00000000c0000000, 0x00000000d0980000, 0x00000000eab00000)
  object space 271872K, 85% used [0x00000000c0000000,0x00000000ce233e20,0x00000000d0980000)
 Metaspace       used 54343K, committed 55232K, reserved 1097728K
  class space    used 5973K, committed 6400K, reserved 1048576K
}
Event: 18.967 GC heap before
{Heap before GC invocations=122 (full 8):
 PSYoungGen      total 44544K, used 44524K [0x00000000eab00000, 0x00000000ef200000, 0x0000000100000000)
  eden space 32768K, 100% used [0x00000000eab00000,0x00000000ecb00000,0x00000000ecb00000)
  from space 11776K, 99% used [0x00000000ecb00000,0x00000000ed67b0c0,0x00000000ed680000)
  to   space 18944K, 0% used [0x00000000edf80000,0x00000000edf80000,0x00000000ef200000)
 ParOldGen       total 271872K, used 231631K [0x00000000c0000000, 0x00000000d0980000, 0x00000000eab00000)
  object space 271872K, 85% used [0x00000000c0000000,0x00000000ce233e20,0x00000000d0980000)
 Metaspace       used 54349K, committed 55232K, reserved 1097728K
  class space    used 5974K, committed 6400K, reserved 1048576K
}
Event: 18.978 GC heap after
{Heap after GC invocations=122 (full 8):
 PSYoungGen      total 47616K, used 11913K [0x00000000eab00000, 0x00000000eeb80000, 0x0000000100000000)
  eden space 35328K, 0% used [0x00000000eab00000,0x00000000eab00000,0x00000000ecd80000)
  from space 12288K, 96% used [0x00000000edf80000,0x00000000eeb22530,0x00000000eeb80000)
  to   space 14336K, 0% used [0x00000000ecf80000,0x00000000ecf80000,0x00000000edd80000)
 ParOldGen       total 271872K, used 238983K [0x00000000c0000000, 0x00000000d0980000, 0x00000000eab00000)
  object space 271872K, 87% used [0x00000000c0000000,0x00000000ce961e18,0x00000000d0980000)
 Metaspace       used 54349K, committed 55232K, reserved 1097728K
  class space    used 5974K, committed 6400K, reserved 1048576K
}
Event: 19.175 GC heap before
{Heap before GC invocations=123 (full 8):
 PSYoungGen      total 47616K, used 47241K [0x00000000eab00000, 0x00000000eeb80000, 0x0000000100000000)
  eden space 35328K, 100% used [0x00000000eab00000,0x00000000ecd80000,0x00000000ecd80000)
  from space 12288K, 96% used [0x00000000edf80000,0x00000000eeb22530,0x00000000eeb80000)
  to   space 14336K, 0% used [0x00000000ecf80000,0x00000000ecf80000,0x00000000edd80000)
 ParOldGen       total 271872K, used 238983K [0x00000000c0000000, 0x00000000d0980000, 0x00000000eab00000)
  object space 271872K, 87% used [0x00000000c0000000,0x00000000ce961e18,0x00000000d0980000)
 Metaspace       used 54391K, committed 55232K, reserved 1097728K
  class space    used 5974K, committed 6400K, reserved 1048576K
}
Event: 19.192 GC heap after
{Heap after GC invocations=123 (full 8):
 PSYoungGen      total 49664K, used 14312K [0x00000000eab00000, 0x00000000eeb80000, 0x0000000100000000)
  eden space 35328K, 0% used [0x00000000eab00000,0x00000000eab00000,0x00000000ecd80000)
  from space 14336K, 99% used [0x00000000ecf80000,0x00000000edd7a138,0x00000000edd80000)
  to   space 12288K, 0% used [0x00000000edf80000,0x00000000edf80000,0x00000000eeb80000)
 ParOldGen       total 271872K, used 244201K [0x00000000c0000000, 0x00000000d0980000, 0x00000000eab00000)
  object space 271872K, 89% used [0x00000000c0000000,0x00000000cee7a4e0,0x00000000d0980000)
 Metaspace       used 54391K, committed 55232K, reserved 1097728K
  class space    used 5974K, committed 6400K, reserved 1048576K
}

