# JRE version: OpenJDK Runtime Environment Temurin-17.0.3+7 (17.0.3+7) (build 17.0.3+7)
# Java VM: OpenJDK 64-Bit Server VM Temurin-17.0.3+7 (17.0.3+7, mixed mode, tiered, compressed oops, compressed class ptrs, parallel gc, windows-amd64)
GC Precious Log:
 CPUs: 8 total, 8 available
 Memory: 7873M
 Large Page Support: Disabled
 NUMA Support: Disabled
 Compressed Oops: Enabled (32-bit)
 Alignments: Space 512K, Generation 512K, Heap 2M
 Heap Min Capacity: 100M
 Heap Initial Capacity: 100M
 Heap Max Capacity: 1G
 Pre-touch: Disabled
 Parallel Workers: 8
Heap:
 PSYoungGen      total 39424K, used 29632K [0x00000000eab00000, 0x00000000ef980000, 0x0000000100000000)
  eden space 25600K, 61% used [0x00000000eab00000,0x00000000eba719b8,0x00000000ec400000)
  from space 13824K, 99% used [0x00000000ec400000,0x00000000ed17e9c0,0x00000000ed180000)
  to   space 27136K, 0% used [0x00000000edf00000,0x00000000edf00000,0x00000000ef980000)
 ParOldGen       total 699392K, used 289549K [0x00000000c0000000, 0x00000000eab00000, 0x00000000eab00000)
  object space 699392K, 41% used [0x00000000c0000000,0x00000000d1ac3790,0x00000000eab00000)
 Metaspace       used 50322K, committed 51200K, reserved 1097728K
  class space    used 5477K, committed 5824K, reserved 1048576K
GC Heap History (20 events):
Event: 58.902 GC heap before
{Heap before GC invocations=601 (full 459):
 PSYoungGen      total 39424K, used 25599K [0x00000000eab00000, 0x00000000ef400000, 0x0000000100000000)
  eden space 25600K, 99% used [0x00000000eab00000,0x00000000ec3ffff8,0x00000000ec400000)
  from space 13824K, 0% used [0x00000000ec400000,0x00000000ec400000,0x00000000ed180000)
  to   space 22528K, 0% used [0x00000000ede00000,0x00000000ede00000,0x00000000ef400000)
 ParOldGen       total 277504K, used 277290K [0x00000000c0000000, 0x00000000d0f00000, 0x00000000eab00000)
  object space 277504K, 99% used [0x00000000c0000000,0x00000000d0eca878,0x00000000d0f00000)
 Metaspace       used 49578K, committed 50432K, reserved 1097728K
  class space    used 5367K, committed 5696K, reserved 1048576K
}
Event: 59.008 GC heap after
{Heap after GC invocations=601 (full 459):
 PSYoungGen      total 48128K, used 25599K [0x00000000eab00000, 0x00000000ef400000, 0x0000000100000000)
  eden space 25600K, 99% used [0x00000000eab00000,0x00000000ec3ffff8,0x00000000ec400000)
  from space 22528K, 0% used [0x00000000ede00000,0x00000000ede00000,0x00000000ef400000)
  to   space 13824K, 0% used [0x00000000ec400000,0x00000000ec400000,0x00000000ed180000)
 ParOldGen       total 277504K, used 277288K [0x00000000c0000000, 0x00000000d0f00000, 0x00000000eab00000)
  object space 277504K, 99% used [0x00000000c0000000,0x00000000d0eca158,0x00000000d0f00000)
 Metaspace       used 49578K, committed 50432K, reserved 1097728K
  class space    used 5367K, committed 5696K, reserved 1048576K
}
Event: 59.008 GC heap before
{Heap before GC invocations=602 (full 460):
 PSYoungGen      total 48128K, used 25599K [0x00000000eab00000, 0x00000000ef400000, 0x0000000100000000)
  eden space 25600K, 99% used [0x00000000eab00000,0x00000000ec3ffff8,0x00000000ec400000)
  from space 22528K, 0% used [0x00000000ede00000,0x00000000ede00000,0x00000000ef400000)
  to   space 13824K, 0% used [0x00000000ec400000,0x00000000ec400000,0x00000000ed180000)
 ParOldGen       total 277504K, used 277292K [0x00000000c0000000, 0x00000000d0f00000, 0x00000000eab00000)
  object space 277504K, 99% used [0x00000000c0000000,0x00000000d0ecb1c8,0x00000000d0f00000)
 Metaspace       used 49578K, committed 50432K, reserved 1097728K
  class space    used 5367K, committed 5696K, reserved 1048576K
}
Event: 59.107 GC heap after
{Heap after GC invocations=602 (full 460):
 PSYoungGen      total 39424K, used 25599K [0x00000000eab00000, 0x00000000ef400000, 0x0000000100000000)
  eden space 25600K, 99% used [0x00000000eab00000,0x00000000ec3ffff8,0x00000000ec400000)
  from space 13824K, 0% used [0x00000000ec400000,0x00000000ec400000,0x00000000ed180000)
  to   space 22528K, 0% used [0x00000000ede00000,0x00000000ede00000,0x00000000ef400000)
 ParOldGen       total 277504K, used 277288K [0x00000000c0000000, 0x00000000d0f00000, 0x00000000eab00000)
  object space 277504K, 99% used [0x00000000c0000000,0x00000000d0eca000,0x00000000d0f00000)
 Metaspace       used 49578K, committed 50432K, reserved 1097728K
  class space    used 5367K, committed 5696K, reserved 1048576K
}
Event: 59.107 GC heap before
{Heap before GC invocations=603 (full 461):
 PSYoungGen      total 39424K, used 25599K [0x00000000eab00000, 0x00000000ef400000, 0x0000000100000000)
  eden space 25600K, 99% used [0x00000000eab00000,0x00000000ec3ffff8,0x00000000ec400000)
  from space 13824K, 0% used [0x00000000ec400000,0x00000000ec400000,0x00000000ed180000)
  to   space 22528K, 0% used [0x00000000ede00000,0x00000000ede00000,0x00000000ef400000)
 ParOldGen       total 277504K, used 277290K [0x00000000c0000000, 0x00000000d0f00000, 0x00000000eab00000)
  object space 277504K, 99% used [0x00000000c0000000,0x00000000d0ecab38,0x00000000d0f00000)
 Metaspace       used 49578K, committed 50432K, reserved 1097728K
  class space    used 5367K, committed 5696K, reserved 1048576K
}
Event: 59.206 GC heap after
{Heap after GC invocations=603 (full 461):
 PSYoungGen      total 48128K, used 25599K [0x00000000eab00000, 0x00000000ef400000, 0x0000000100000000)
  eden space 25600K, 99% used [0x00000000eab00000,0x00000000ec3ffff8,0x00000000ec400000)
  from space 22528K, 0% used [0x00000000ede00000,0x00000000ede00000,0x00000000ef400000)
  to   space 13824K, 0% used [0x00000000ec400000,0x00000000ec400000,0x00000000ed180000)
 ParOldGen       total 277504K, used 277289K [0x00000000c0000000, 0x00000000d0f00000, 0x00000000eab00000)
  object space 277504K, 99% used [0x00000000c0000000,0x00000000d0eca4b8,0x00000000d0f00000)
 Metaspace       used 49578K, committed 50432K, reserved 1097728K
  class space    used 5367K, committed 5696K, reserved 1048576K
}
Event: 59.207 GC heap before
{Heap before GC invocations=604 (full 462):
 PSYoungGen      total 48128K, used 25599K [0x00000000eab00000, 0x00000000ef400000, 0x0000000100000000)
  eden space 25600K, 99% used [0x00000000eab00000,0x00000000ec3ffff8,0x00000000ec400000)
  from space 22528K, 0% used [0x00000000ede00000,0x00000000ede00000,0x00000000ef400000)
  to   space 13824K, 0% used [0x00000000ec400000,0x00000000ec400000,0x00000000ed180000)
 ParOldGen       total 277504K, used 277332K [0x00000000c0000000, 0x00000000d0f00000, 0x00000000eab00000)
  object space 277504K, 99% used [0x00000000c0000000,0x00000000d0ed5250,0x00000000d0f00000)
 Metaspace       used 49578K, committed 50432K, reserved 1097728K
  class space    used 5367K, committed 5696K, reserved 1048576K
}
Event: 59.327 GC heap after
{Heap after GC invocations=604 (full 462):
 PSYoungGen      total 39424K, used 25599K [0x00000000eab00000, 0x00000000ef400000, 0x0000000100000000)
  eden space 25600K, 99% used [0x00000000eab00000,0x00000000ec3ffff8,0x00000000ec400000)
  from space 13824K, 0% used [0x00000000ec400000,0x00000000ec400000,0x00000000ed180000)
  to   space 22528K, 0% used [0x00000000ede00000,0x00000000ede00000,0x00000000ef400000)
 ParOldGen       total 277504K, used 277328K [0x00000000c0000000, 0x00000000d0f00000, 0x00000000eab00000)
  object space 277504K, 99% used [0x00000000c0000000,0x00000000d0ed4068,0x00000000d0f00000)
 Metaspace       used 49578K, committed 50432K, reserved 1097728K
  class space    used 5367K, committed 5696K, reserved 1048576K
}
Event: 59.328 GC heap before
{Heap before GC invocations=605 (full 463):
 PSYoungGen      total 39424K, used 25599K [0x00000000eab00000, 0x00000000ef400000, 0x0000000100000000)
  eden space 25600K, 99% used [0x00000000eab00000,0x00000000ec3ffff8,0x00000000ec400000)
  from space 13824K, 0% used [0x00000000ec400000,0x00000000ec400000,0x00000000ed180000)
  to   space 22528K, 0% used [0x00000000ede00000,0x00000000ede00000,0x00000000ef400000)
 ParOldGen       total 277504K, used 277337K [0x00000000c0000000, 0x00000000d0f00000, 0x00000000eab00000)
  object space 277504K, 99% used [0x00000000c0000000,0x00000000d0ed64c8,0x00000000d0f00000)
 Metaspace       used 49578K, committed 50432K, reserved 1097728K
  class space    used 5367K, committed 5696K, reserved 1048576K
}
Event: 59.447 GC heap after
{Heap after GC invocations=605 (full 463):
 PSYoungGen      total 48128K, used 25599K [0x00000000eab00000, 0x00000000ef400000, 0x0000000100000000)
  eden space 25600K, 99% used [0x00000000eab00000,0x00000000ec3ffff8,0x00000000ec400000)
  from space 22528K, 0% used [0x00000000ede00000,0x00000000ede00000,0x00000000ef400000)
  to   space 13824K, 0% used [0x00000000ec400000,0x00000000ec400000,0x00000000ed180000)
 ParOldGen       total 277504K, used 277335K [0x00000000c0000000, 0x00000000d0f00000, 0x00000000eab00000)
  object space 277504K, 99% used [0x00000000c0000000,0x00000000d0ed5ec8,0x00000000d0f00000)
 Metaspace       used 49578K, committed 50432K, reserved 1097728K
  class space    used 5367K, committed 5696K, reserved 1048576K
}
Event: 59.447 GC heap before
{Heap before GC invocations=606 (full 464):
 PSYoungGen      total 48128K, used 25599K [0x00000000eab00000, 0x00000000ef400000, 0x0000000100000000)
  eden space 25600K, 99% used [0x00000000eab00000,0x00000000ec3ffff8,0x00000000ec400000)
  from space 22528K, 0% used [0x00000000ede00000,0x00000000ede00000,0x00000000ef400000)
  to   space 13824K, 0% used [0x00000000ec400000,0x00000000ec400000,0x00000000ed180000)
 ParOldGen       total 277504K, used 277338K [0x00000000c0000000, 0x00000000d0f00000, 0x00000000eab00000)
  object space 277504K, 99% used [0x00000000c0000000,0x00000000d0ed69a8,0x00000000d0f00000)
 Metaspace       used 49578K, committed 50432K, reserved 1097728K
  class space    used 5367K, committed 5696K, reserved 1048576K
}
Event: 59.567 GC heap after
{Heap after GC invocations=606 (full 464):
 PSYoungGen      total 39424K, used 25599K [0x00000000eab00000, 0x00000000ef400000, 0x0000000100000000)
  eden space 25600K, 99% used [0x00000000eab00000,0x00000000ec3ffff8,0x00000000ec400000)
  from space 13824K, 0% used [0x00000000ec400000,0x00000000ec400000,0x00000000ed180000)
  to   space 22528K, 0% used [0x00000000ede00000,0x00000000ede00000,0x00000000ef400000)
 ParOldGen       total 277504K, used 277334K [0x00000000c0000000, 0x00000000d0f00000, 0x00000000eab00000)
  object space 277504K, 99% used [0x00000000c0000000,0x00000000d0ed5960,0x00000000d0f00000)
 Metaspace       used 49578K, committed 50432K, reserved 1097728K
  class space    used 5367K, committed 5696K, reserved 1048576K
}
Event: 59.568 GC heap before
{Heap before GC invocations=607 (full 465):
 PSYoungGen      total 39424K, used 25599K [0x00000000eab00000, 0x00000000ef400000, 0x0000000100000000)
  eden space 25600K, 99% used [0x00000000eab00000,0x00000000ec3ffff8,0x00000000ec400000)
  from space 13824K, 0% used [0x00000000ec400000,0x00000000ec400000,0x00000000ed180000)
  to   space 22528K, 0% used [0x00000000ede00000,0x00000000ede00000,0x00000000ef400000)
 ParOldGen       total 277504K, used 277337K [0x00000000c0000000, 0x00000000d0f00000, 0x00000000eab00000)
  object space 277504K, 99% used [0x00000000c0000000,0x00000000d0ed65c8,0x00000000d0f00000)
 Metaspace       used 49578K, committed 50432K, reserved 1097728K
  class space    used 5367K, committed 5696K, reserved 1048576K
}
Event: 59.689 GC heap after
{Heap after GC invocations=607 (full 465):
 PSYoungGen      total 48128K, used 25599K [0x00000000eab00000, 0x00000000ef400000, 0x0000000100000000)
  eden space 25600K, 99% used [0x00000000eab00000,0x00000000ec3ffff8,0x00000000ec400000)
  from space 22528K, 0% used [0x00000000ede00000,0x00000000ede00000,0x00000000ef400000)
  to   space 13824K, 0% used [0x00000000ec400000,0x00000000ec400000,0x00000000ed180000)
 ParOldGen       total 277504K, used 277335K [0x00000000c0000000, 0x00000000d0f00000, 0x00000000eab00000)
  object space 277504K, 99% used [0x00000000c0000000,0x00000000d0ed5c28,0x00000000d0f00000)
 Metaspace       used 49578K, committed 50432K, reserved 1097728K
  class space    used 5367K, committed 5696K, reserved 1048576K
}
Event: 59.690 GC heap before
{Heap before GC invocations=608 (full 466):
 PSYoungGen      total 48128K, used 25599K [0x00000000eab00000, 0x00000000ef400000, 0x0000000100000000)
  eden space 25600K, 99% used [0x00000000eab00000,0x00000000ec3ffff8,0x00000000ec400000)
  from space 22528K, 0% used [0x00000000ede00000,0x00000000ede00000,0x00000000ef400000)
  to   space 13824K, 0% used [0x00000000ec400000,0x00000000ec400000,0x00000000ed180000)
 ParOldGen       total 277504K, used 277337K [0x00000000c0000000, 0x00000000d0f00000, 0x00000000eab00000)
  object space 277504K, 99% used [0x00000000c0000000,0x00000000d0ed67f0,0x00000000d0f00000)
 Metaspace       used 49578K, committed 50432K, reserved 1097728K
  class space    used 5367K, committed 5696K, reserved 1048576K
}
Event: 59.798 GC heap after
{Heap after GC invocations=608 (full 466):
 PSYoungGen      total 39424K, used 25599K [0x00000000eab00000, 0x00000000ef400000, 0x0000000100000000)
  eden space 25600K, 99% used [0x00000000eab00000,0x00000000ec3ffff8,0x00000000ec400000)
  from space 13824K, 0% used [0x00000000ec400000,0x00000000ec400000,0x00000000ed180000)
  to   space 22528K, 0% used [0x00000000ede00000,0x00000000ede00000,0x00000000ef400000)
 ParOldGen       total 277504K, used 277335K [0x00000000c0000000, 0x00000000d0f00000, 0x00000000eab00000)
  object space 277504K, 99% used [0x00000000c0000000,0x00000000d0ed5d60,0x00000000d0f00000)
 Metaspace       used 49578K, committed 50432K, reserved 1097728K
  class space    used 5367K, committed 5696K, reserved 1048576K
}
Event: 59.798 GC heap before
{Heap before GC invocations=609 (full 467):
 PSYoungGen      total 39424K, used 25599K [0x00000000eab00000, 0x00000000ef400000, 0x0000000100000000)
  eden space 25600K, 99% used [0x00000000eab00000,0x00000000ec3ffff8,0x00000000ec400000)
  from space 13824K, 0% used [0x00000000ec400000,0x00000000ec400000,0x00000000ed180000)
  to   space 22528K, 0% used [0x00000000ede00000,0x00000000ede00000,0x00000000ef400000)
 ParOldGen       total 277504K, used 277339K [0x00000000c0000000, 0x00000000d0f00000, 0x00000000eab00000)
  object space 277504K, 99% used [0x00000000c0000000,0x00000000d0ed6ce0,0x00000000d0f00000)
 Metaspace       used 49578K, committed 50432K, reserved 1097728K
  class space    used 5367K, committed 5696K, reserved 1048576K
}
Event: 59.905 GC heap after
{Heap after GC invocations=609 (full 467):
 PSYoungGen      total 48128K, used 25599K [0x00000000eab00000, 0x00000000ef400000, 0x0000000100000000)
  eden space 25600K, 99% used [0x00000000eab00000,0x00000000ec3ffff8,0x00000000ec400000)
  from space 22528K, 0% used [0x00000000ede00000,0x00000000ede00000,0x00000000ef400000)
  to   space 13824K, 0% used [0x00000000ec400000,0x00000000ec400000,0x00000000ed180000)
 ParOldGen       total 699392K, used 277335K [0x00000000c0000000, 0x00000000eab00000, 0x00000000eab00000)
  object space 699392K, 39% used [0x00000000c0000000,0x00000000d0ed5c00,0x00000000eab00000)
 Metaspace       used 49578K, committed 50432K, reserved 1097728K
  class space    used 5367K, committed 5696K, reserved 1048576K
}
Event: 59.905 GC heap before
{Heap before GC invocations=610 (full 467):
 PSYoungGen      total 48128K, used 25599K [0x00000000eab00000, 0x00000000ef400000, 0x0000000100000000)
  eden space 25600K, 99% used [0x00000000eab00000,0x00000000ec3ffff8,0x00000000ec400000)
  from space 22528K, 0% used [0x00000000ede00000,0x00000000ede00000,0x00000000ef400000)
  to   space 13824K, 0% used [0x00000000ec400000,0x00000000ec400000,0x00000000ed180000)
 ParOldGen       total 699392K, used 277337K [0x00000000c0000000, 0x00000000eab00000, 0x00000000eab00000)
  object space 699392K, 39% used [0x00000000c0000000,0x00000000d0ed6670,0x00000000eab00000)
 Metaspace       used 49578K, committed 50432K, reserved 1097728K
  class space    used 5367K, committed 5696K, reserved 1048576K
}
Event: 59.924 GC heap after
{Heap after GC invocations=610 (full 467):
 PSYoungGen      total 39424K, used 13818K [0x00000000eab00000, 0x00000000ef980000, 0x0000000100000000)
  eden space 25600K, 0% used [0x00000000eab00000,0x00000000eab00000,0x00000000ec400000)
  from space 13824K, 99% used [0x00000000ec400000,0x00000000ed17e9c0,0x00000000ed180000)
  to   space 27136K, 0% used [0x00000000edf00000,0x00000000edf00000,0x00000000ef980000)
 ParOldGen       total 699392K, used 289549K [0x00000000c0000000, 0x00000000eab00000, 0x00000000eab00000)
  object space 699392K, 41% used [0x00000000c0000000,0x00000000d1ac3790,0x00000000eab00000)
 Metaspace       used 49578K, committed 50432K, reserved 1097728K
  class space    used 5367K, committed 5696K, reserved 1048576K
}

